2026-02-05 15:01:36.614 [background-preinit] INFO  o.h.validator.internal.util.Version - HV000001: Hibernate Validator 8.0.1.Final
2026-02-05 15:01:36.658 [main] INFO  c.e.r.a.s.p.BookStoreServiceSolutionApplication - Starting BookStoreServiceSolutionApplication using Java 21.0.9 with PID 27230 (/home/vitalii_v/idea_projects/book-store-service-task/target/classes started by vitalii_v in /home/vitalii_v/idea_projects/book-store-service-task)
2026-02-05 15:01:36.658 [main] DEBUG c.e.r.a.s.p.BookStoreServiceSolutionApplication - Running with Spring Boot v3.2.1, Spring v6.1.2
2026-02-05 15:01:36.659 [main] INFO  c.e.r.a.s.p.BookStoreServiceSolutionApplication - The following 1 profile is active: "dev"
2026-02-05 15:01:37.547 [main] INFO  o.s.d.r.c.RepositoryConfigurationDelegate - Bootstrapping Spring Data JPA repositories in DEFAULT mode.
2026-02-05 15:01:37.655 [main] INFO  o.s.d.r.c.RepositoryConfigurationDelegate - Finished Spring Data repository scanning in 100 ms. Found 9 JPA repository interfaces.
2026-02-05 15:01:38.427 [main] INFO  o.s.b.w.e.tomcat.TomcatWebServer - Tomcat initialized with port 8084 (http)
2026-02-05 15:01:38.439 [main] INFO  o.a.coyote.http11.Http11NioProtocol - Initializing ProtocolHandler ["http-nio-8084"]
2026-02-05 15:01:38.441 [main] INFO  o.a.catalina.core.StandardService - Starting service [Tomcat]
2026-02-05 15:01:38.442 [main] INFO  o.a.catalina.core.StandardEngine - Starting Servlet engine: [Apache Tomcat/10.1.17]
2026-02-05 15:01:38.497 [main] INFO  o.a.c.c.C.[Tomcat].[localhost].[/] - Initializing Spring embedded WebApplicationContext
2026-02-05 15:01:38.498 [main] INFO  o.s.b.w.s.c.ServletWebServerApplicationContext - Root WebApplicationContext: initialization completed in 1790 ms
2026-02-05 15:01:38.701 [main] INFO  o.h.jpa.internal.util.LogHelper - HHH000204: Processing PersistenceUnitInfo [name: default]
2026-02-05 15:01:38.755 [main] INFO  org.hibernate.Version - HHH000412: Hibernate ORM core version 6.4.1.Final
2026-02-05 15:01:38.789 [main] INFO  o.h.c.i.RegionFactoryInitiator - HHH000026: Second-level cache disabled
2026-02-05 15:01:39.035 [main] INFO  o.s.o.j.p.SpringPersistenceUnitInfo - No LoadTimeWeaver setup: ignoring JPA class transformer
2026-02-05 15:01:39.063 [main] INFO  com.zaxxer.hikari.HikariDataSource - HikariPool-1 - Starting...
2026-02-05 15:01:39.233 [main] INFO  com.zaxxer.hikari.pool.HikariPool - HikariPool-1 - Added connection org.postgresql.jdbc.PgConnection@22cd8ec2
2026-02-05 15:01:39.234 [main] INFO  com.zaxxer.hikari.HikariDataSource - HikariPool-1 - Start completed.
2026-02-05 15:01:40.664 [main] INFO  o.h.e.t.j.p.i.JtaPlatformInitiator - HHH000489: No JTA platform available (set 'hibernate.transaction.jta.platform' to enable JTA platform integration)
2026-02-05 15:01:40.716 [main] INFO  o.s.o.j.LocalContainerEntityManagerFactoryBean - Initialized JPA EntityManagerFactory for persistence unit 'default'
2026-02-05 15:01:41.136 [main] DEBUG c.e.r.a.s.p.s.JwtAuthenticationFilter - Filter 'jwtAuthenticationFilter' configured for use
2026-02-05 15:01:41.761 [main] INFO  o.s.d.j.r.query.QueryEnhancerFactory - Hibernate is in classpath; If applicable, HQL parser will be used.
2026-02-05 15:01:42.424 [main] WARN  o.s.b.a.o.j.JpaBaseConfiguration$JpaWebConfiguration - spring.jpa.open-in-view is enabled by default. Therefore, database queries may be performed during view rendering. Explicitly configure spring.jpa.open-in-view to disable this warning
2026-02-05 15:01:42.789 [main] INFO  o.s.s.web.DefaultSecurityFilterChain - Will secure Or [Mvc [pattern='/admin/**']] with [org.springframework.security.web.session.DisableEncodeUrlFilter@92a584f, org.springframework.security.web.context.request.async.WebAsyncManagerIntegrationFilter@36e23af, org.springframework.security.web.context.SecurityContextHolderFilter@2de57397, org.springframework.security.web.header.HeaderWriterFilter@45ec6bb3, org.springframework.web.filter.CorsFilter@5e4a9c16, org.springframework.security.web.authentication.logout.LogoutFilter@2a0cc666, com.epam.rd.autocode.spring.project.security.JwtAuthenticationFilter@f3e6876, org.springframework.security.web.savedrequest.RequestCacheAwareFilter@1036bb9f, org.springframework.security.web.servletapi.SecurityContextHolderAwareRequestFilter@64a0a1c6, org.springframework.security.web.authentication.AnonymousAuthenticationFilter@544ee437, org.springframework.security.web.session.SessionManagementFilter@59e02113, org.springframework.security.web.access.ExceptionTranslationFilter@18f6ccf4, org.springframework.security.web.access.intercept.AuthorizationFilter@47a9bcf1]
2026-02-05 15:01:42.834 [main] INFO  o.s.s.web.DefaultSecurityFilterChain - Will secure any request with [org.springframework.security.web.session.DisableEncodeUrlFilter@504521ae, org.springframework.security.web.context.request.async.WebAsyncManagerIntegrationFilter@4a9e6ea7, org.springframework.security.web.context.SecurityContextHolderFilter@4b954cbb, org.springframework.security.web.header.HeaderWriterFilter@3a1dc432, org.springframework.web.filter.CorsFilter@6f8af186, com.epam.rd.autocode.spring.project.security.JwtAuthenticationFilter@f3e6876, org.springframework.security.web.authentication.logout.LogoutFilter@37a5ac85, org.springframework.security.web.savedrequest.RequestCacheAwareFilter@bec2d81, org.springframework.security.web.servletapi.SecurityContextHolderAwareRequestFilter@5f04449a, org.springframework.security.web.authentication.AnonymousAuthenticationFilter@5aaecd25, org.springframework.security.web.session.SessionManagementFilter@4c18b432, org.springframework.security.web.access.ExceptionTranslationFilter@6cf58989, org.springframework.security.web.access.intercept.AuthorizationFilter@2092b072]
2026-02-05 15:01:43.482 [main] INFO  o.a.coyote.http11.Http11NioProtocol - Starting ProtocolHandler ["http-nio-8084"]
2026-02-05 15:01:43.500 [main] INFO  o.s.b.w.e.tomcat.TomcatWebServer - Tomcat started on port 8084 (http) with context path ''
2026-02-05 15:01:43.512 [main] INFO  c.e.r.a.s.p.BookStoreServiceSolutionApplication - Started BookStoreServiceSolutionApplication in 7.533 seconds (process running for 8.323)
